==== 2025-04-15 17:01:54 ====
Réservation #7 créée
Utilisateur: 5
Chambre: 3
Dates: 2025-04-18 au 2025-04-26
Statut: en_attente

==== 2025-04-15 17:15:05 ====
Réservation #8 créée
Utilisateur: 5
Chambre: 4
Dates: 2025-04-17 au 2025-04-18
Statut: en_attente

==== 2025-04-16 12:37:22 ====
Réservation #9 créée
Utilisateur: 5
Chambre: 4
Dates: 2025-04-28 au 2025-04-30
Statut: en_attente

==== 2025-04-18 10:35:29 ====
Réservation #10 créée
Utilisateur: 5
Chambre: 4
Dates: 2025-04-18 au 2025-04-20
Statut: en_attente

==== 2025-04-18 16:38:22 ====
Réservation #11 créée
Utilisateur: 5
Chambre: 1
Dates: 2025-04-18 au 2025-04-19
Statut: en_attente

==== 2025-04-18 16:39:50 ====
Réservation #12 créée
Utilisateur: 5
Chambre: 7
Dates: 2025-04-28 au 2025-04-30
Statut: en_attente

==== 2025-04-19 20:39:46 ====
Réservation #13 créée
Utilisateur: 12
Chambre: 2
Dates: 2025-04-19 au 2025-04-20
Statut: en_attente

==== 2026-03-14 02:29:56 ====
Réservation #1 créée
Utilisateur: 5
Chambre: 2
Dates: 2026-03-14 au 2026-03-16
Statut: en_attente

==== 2026-04-24 15:39:58 ====
Réservation #2 créée
Utilisateur: 5
Chambre: 1
Dates: 2026-04-24 au 2026-04-26
Statut: en_attente

==== 2026-04-24 15:41:30 ====
Réservation #3 créée
Utilisateur: 5
Chambre: 3
Dates: 2026-04-24 au 2026-04-26
Statut: en_attente

==== 2026-04-24 15:47:27 ====
Réservation #4 créée
Utilisateur: 5
Chambre: 3
Dates: 2026-04-24 au 2026-04-26
Statut: en_attente

